<?xml version="1.0" encoding="UTF-8"?>
<robot generator="Robot 4.1.3 (Python 3.6.5 on win32)" generated="20220117 17:13:39.539" rpa="false" schemaversion="2">
<suite id="s1" name="front office Contact" source="C:\Users\d.nedeljkov\Desktop\RF vezba\tests\front_office_Contact.robot">
<test id="s1-t1" name="Verify that the user can send a message after entering valid credentials in all fields">
<kw name="Begin Web Test" library="CommonWebApp" type="SETUP">
<kw name="Open Browser" library="SeleniumLibrary">
<arg>about:blank</arg>
<arg>${BROWSER}</arg>
<doc>Opens a new browser instance to the optional ``url``.</doc>
<msg timestamp="20220117 17:13:39.798" level="INFO">Opening browser 'chrome' to base url 'about:blank'.</msg>
<status status="PASS" starttime="20220117 17:13:39.798" endtime="20220117 17:13:41.253"/>
</kw>
<kw name="Go To" library="SeleniumLibrary">
<arg>${URL}</arg>
<doc>Navigates the current browser window to the provided ``url``.</doc>
<msg timestamp="20220117 17:13:41.254" level="INFO">Opening url 'https://www.robotframeworktutorial.com/front-office/'</msg>
<status status="PASS" starttime="20220117 17:13:41.254" endtime="20220117 17:13:44.666"/>
</kw>
<kw name="Maximize Browser Window" library="SeleniumLibrary">
<doc>Maximizes current browser window.</doc>
<status status="PASS" starttime="20220117 17:13:44.666" endtime="20220117 17:13:44.786"/>
</kw>
<status status="PASS" starttime="20220117 17:13:39.797" endtime="20220117 17:13:44.786"/>
</kw>
<kw name="Select the &quot;Contact&quot; Page" library="TopNav">
<kw name="Click Element" library="SeleniumLibrary">
<arg>${TOP_NAV_CONTACT_LINK}</arg>
<doc>Click the element identified by ``locator``.</doc>
<msg timestamp="20220117 17:13:44.788" level="INFO">Clicking element '//*[@id="bs-example-navbar-collapse-1"]/ul/li[6]/a'.</msg>
<status status="PASS" starttime="20220117 17:13:44.787" endtime="20220117 17:13:44.834"/>
</kw>
<kw name="Sleep" library="BuiltIn">
<arg>3s</arg>
<doc>Pauses the test executed for the given time.</doc>
<msg timestamp="20220117 17:13:47.839" level="INFO">Slept 3 seconds</msg>
<status status="PASS" starttime="20220117 17:13:44.835" endtime="20220117 17:13:47.839"/>
</kw>
<status status="PASS" starttime="20220117 17:13:44.787" endtime="20220117 17:13:47.839"/>
</kw>
<kw name="Verify that a user can send a message" library="FrontOfficeApp">
<kw name="A user can send a message" library="Contact">
<kw name="Input Text" library="SeleniumLibrary">
<arg>${YOUR_NAME_CONTAINER}</arg>
<arg>Moje ime</arg>
<doc>Types the given ``text`` into the text field identified by ``locator``.</doc>
<msg timestamp="20220117 17:13:47.841" level="INFO">Typing text 'Moje ime' into text field '//*[@id="name"]'.</msg>
<status status="PASS" starttime="20220117 17:13:47.840" endtime="20220117 17:13:47.941"/>
</kw>
<kw name="Input Text" library="SeleniumLibrary">
<arg>${YOUR_EMAIL_CONTAINER}</arg>
<arg>email12312321321@gmail.com</arg>
<doc>Types the given ``text`` into the text field identified by ``locator``.</doc>
<msg timestamp="20220117 17:13:47.942" level="INFO">Typing text 'email12312321321@gmail.com' into text field '//*[@id="email"]'.</msg>
<status status="PASS" starttime="20220117 17:13:47.942" endtime="20220117 17:13:48.086"/>
</kw>
<kw name="Input Text" library="SeleniumLibrary">
<arg>${YOUR_PHONE_CONTAINER}</arg>
<arg>0621232132832137213</arg>
<doc>Types the given ``text`` into the text field identified by ``locator``.</doc>
<msg timestamp="20220117 17:13:48.087" level="INFO">Typing text '0621232132832137213' into text field '//*[@id="phone"]'.</msg>
<status status="PASS" starttime="20220117 17:13:48.087" endtime="20220117 17:13:48.193"/>
</kw>
<kw name="Input Text" library="SeleniumLibrary">
<arg>${YOUR_MESSAGE_CONTAINER}</arg>
<arg>This is my message</arg>
<doc>Types the given ``text`` into the text field identified by ``locator``.</doc>
<msg timestamp="20220117 17:13:48.194" level="INFO">Typing text 'This is my message' into text field '//*[@id="message"]'.</msg>
<status status="PASS" starttime="20220117 17:13:48.193" endtime="20220117 17:13:48.301"/>
</kw>
<kw name="Sleep" library="BuiltIn">
<arg>3s</arg>
<doc>Pauses the test executed for the given time.</doc>
<msg timestamp="20220117 17:13:51.313" level="INFO">Slept 3 seconds</msg>
<status status="PASS" starttime="20220117 17:13:48.301" endtime="20220117 17:13:51.313"/>
</kw>
<kw name="Click Element" library="SeleniumLibrary">
<arg>${SEND_MESSAGE_BUTTON}</arg>
<doc>Click the element identified by ``locator``.</doc>
<msg timestamp="20220117 17:13:51.313" level="INFO">Clicking element '//*[@id="contactForm"]/div/div[4]/button'.</msg>
<status status="PASS" starttime="20220117 17:13:51.313" endtime="20220117 17:13:51.357"/>
</kw>
<kw name="Sleep" library="BuiltIn">
<arg>3s</arg>
<doc>Pauses the test executed for the given time.</doc>
<msg timestamp="20220117 17:13:54.360" level="INFO">Slept 3 seconds</msg>
<status status="PASS" starttime="20220117 17:13:51.357" endtime="20220117 17:13:54.360"/>
</kw>
<kw name="Element Text Should Be" library="SeleniumLibrary">
<arg>${MESSAGE_SENT_SUCCESS_MESSAGE}</arg>
<arg>Your message has been sent.</arg>
<doc>Verifies that element ``locator`` contains exact the text ``expected``.</doc>
<msg timestamp="20220117 17:13:54.360" level="INFO">Verifying element '//*[@id="success"]/div/strong' contains exact text 'Your message has been sent.'.</msg>
<status status="PASS" starttime="20220117 17:13:54.360" endtime="20220117 17:13:54.381"/>
</kw>
<kw name="Sleep" library="BuiltIn">
<arg>5s</arg>
<doc>Pauses the test executed for the given time.</doc>
<msg timestamp="20220117 17:13:59.395" level="INFO">Slept 5 seconds</msg>
<status status="PASS" starttime="20220117 17:13:54.381" endtime="20220117 17:13:59.395"/>
</kw>
<status status="PASS" starttime="20220117 17:13:47.840" endtime="20220117 17:13:59.395"/>
</kw>
<status status="PASS" starttime="20220117 17:13:47.840" endtime="20220117 17:13:59.395"/>
</kw>
<kw name="End Web Test" library="CommonWebApp" type="TEARDOWN">
<kw name="Close All Browsers" library="SeleniumLibrary">
<doc>Closes all open browsers and resets the browser cache.</doc>
<status status="PASS" starttime="20220117 17:13:59.396" endtime="20220117 17:14:01.692"/>
</kw>
<status status="PASS" starttime="20220117 17:13:59.396" endtime="20220117 17:14:01.692"/>
</kw>
<status status="PASS" starttime="20220117 17:13:39.796" endtime="20220117 17:14:01.693"/>
</test>
<doc>Testing of the "Services" section</doc>
<status status="PASS" starttime="20220117 17:13:39.541" endtime="20220117 17:14:01.694"/>
</suite>
<statistics>
<total>
<stat pass="1" fail="0" skip="0">All Tests</stat>
</total>
<tag>
</tag>
<suite>
<stat pass="1" fail="0" skip="0" id="s1" name="front office Contact">front office Contact</stat>
</suite>
</statistics>
<errors>
</errors>
</robot>
