<?xml version="1.0" encoding="UTF-8"?>
<robot generator="Robot 4.1.3 (Python 3.6.5 on win32)" generated="20220120 22:09:45.121" rpa="false" schemaversion="2">
<suite id="s1" name="Tests" source="C:\Users\d.nedeljkov\Desktop\RF vezba\tests">
<suite id="s1-s1" name="Front Office About" source="C:\Users\d.nedeljkov\Desktop\RF vezba\tests\Front_Office_About.robot">
<test id="s1-s1-t1" name="Verify that the &quot;Our Humble Beginnings&quot; section has &quot;2009-2011&quot; years in it">
<kw name="Begin Web Test" library="CommonWebApp" type="SETUP">
<kw name="Open Browser" library="SeleniumLibrary">
<arg>about:blank</arg>
<arg>${BROWSER}</arg>
<doc>Opens a new browser instance to the optional ``url``.</doc>
<msg timestamp="20220120 22:09:45.391" level="INFO">Opening browser 'chrome' to base url 'about:blank'.</msg>
<status status="PASS" starttime="20220120 22:09:45.391" endtime="20220120 22:09:46.850"/>
</kw>
<kw name="Go To" library="SeleniumLibrary">
<arg>${URL}</arg>
<doc>Navigates the current browser window to the provided ``url``.</doc>
<msg timestamp="20220120 22:09:46.851" level="INFO">Opening url 'https://www.robotframeworktutorial.com/front-office/'</msg>
<status status="PASS" starttime="20220120 22:09:46.850" endtime="20220120 22:09:50.487"/>
</kw>
<kw name="Maximize Browser Window" library="SeleniumLibrary">
<doc>Maximizes current browser window.</doc>
<status status="PASS" starttime="20220120 22:09:50.487" endtime="20220120 22:09:50.609"/>
</kw>
<status status="PASS" starttime="20220120 22:09:45.391" endtime="20220120 22:09:50.609"/>
</kw>
<kw name="Go to the &quot;About&quot; page" library="FrontOfficeApp">
<kw name="Select the &quot;About&quot; page" library="TopNav">
<kw name="Click Element" library="SeleniumLibrary">
<arg>${TOP_NAV_ABOUT_LINK}</arg>
<doc>Click the element identified by ``locator``.</doc>
<msg timestamp="20220120 22:09:50.611" level="INFO">Clicking element '//*[@id="bs-example-navbar-collapse-1"]/ul/li[4]/a'.</msg>
<status status="PASS" starttime="20220120 22:09:50.611" endtime="20220120 22:09:50.658"/>
</kw>
<kw name="Sleep" library="BuiltIn">
<arg>3s</arg>
<doc>Pauses the test executed for the given time.</doc>
<msg timestamp="20220120 22:09:53.672" level="INFO">Slept 3 seconds</msg>
<status status="PASS" starttime="20220120 22:09:50.659" endtime="20220120 22:09:53.672"/>
</kw>
<status status="PASS" starttime="20220120 22:09:50.610" endtime="20220120 22:09:53.672"/>
</kw>
<status status="PASS" starttime="20220120 22:09:50.610" endtime="20220120 22:09:53.672"/>
</kw>
<kw name="&quot;Our Humble Beginnings&quot; section should have &quot;2009-2011&quot; years in it" library="FrontOfficeApp">
<kw name="&quot;Our Humble Beginnings&quot; have &quot;2009-2011&quot; years in it" library="About">
<kw name="Element Should Contain" library="SeleniumLibrary">
<arg>${SECTION_ONE}</arg>
<arg>2009-2011</arg>
<doc>Verifies that element ``locator`` contains text ``expected``.</doc>
<msg timestamp="20220120 22:09:53.703" level="INFO">Element '//*[@id="about"]/div/div[2]/div/ul/li[1]/div[2]' contains text '2009-2011'.</msg>
<status status="PASS" starttime="20220120 22:09:53.674" endtime="20220120 22:09:53.703"/>
</kw>
<status status="PASS" starttime="20220120 22:09:53.674" endtime="20220120 22:09:53.704"/>
</kw>
<status status="PASS" starttime="20220120 22:09:53.673" endtime="20220120 22:09:53.704"/>
</kw>
<kw name="End Web Test" library="CommonWebApp" type="TEARDOWN">
<kw name="Close All Browsers" library="SeleniumLibrary">
<doc>Closes all open browsers and resets the browser cache.</doc>
<status status="PASS" starttime="20220120 22:09:53.705" endtime="20220120 22:09:56.664"/>
</kw>
<status status="PASS" starttime="20220120 22:09:53.705" endtime="20220120 22:09:56.664"/>
</kw>
<status status="PASS" starttime="20220120 22:09:45.389" endtime="20220120 22:09:56.665"/>
</test>
<doc>Testing of the "Services" section</doc>
<status status="PASS" starttime="20220120 22:09:45.148" endtime="20220120 22:09:56.668"/>
</suite>
<suite id="s1-s2" name="Front Office Contact" source="C:\Users\d.nedeljkov\Desktop\RF vezba\tests\Front_Office_Contact.robot">
<test id="s1-s2-t1" name="Verify that the user can send a message after entering valid credentials in all fields">
<kw name="Begin Web Test" library="CommonWebApp" type="SETUP">
<kw name="Open Browser" library="SeleniumLibrary">
<arg>about:blank</arg>
<arg>${BROWSER}</arg>
<doc>Opens a new browser instance to the optional ``url``.</doc>
<msg timestamp="20220120 22:09:56.691" level="INFO">Opening browser 'chrome' to base url 'about:blank'.</msg>
<status status="PASS" starttime="20220120 22:09:56.690" endtime="20220120 22:09:58.406"/>
</kw>
<kw name="Go To" library="SeleniumLibrary">
<arg>${URL}</arg>
<doc>Navigates the current browser window to the provided ``url``.</doc>
<msg timestamp="20220120 22:09:58.406" level="INFO">Opening url 'https://www.robotframeworktutorial.com/front-office/'</msg>
<status status="PASS" starttime="20220120 22:09:58.406" endtime="20220120 22:10:02.749"/>
</kw>
<kw name="Maximize Browser Window" library="SeleniumLibrary">
<doc>Maximizes current browser window.</doc>
<status status="PASS" starttime="20220120 22:10:02.749" endtime="20220120 22:10:02.879"/>
</kw>
<status status="PASS" starttime="20220120 22:09:56.690" endtime="20220120 22:10:02.879"/>
</kw>
<kw name="Select the &quot;Contact&quot; Page" library="TopNav">
<kw name="Click Element" library="SeleniumLibrary">
<arg>${TOP_NAV_CONTACT_LINK}</arg>
<doc>Click the element identified by ``locator``.</doc>
<msg timestamp="20220120 22:10:02.880" level="INFO">Clicking element '//*[@id="bs-example-navbar-collapse-1"]/ul/li[6]/a'.</msg>
<status status="PASS" starttime="20220120 22:10:02.880" endtime="20220120 22:10:02.932"/>
</kw>
<kw name="Sleep" library="BuiltIn">
<arg>3s</arg>
<doc>Pauses the test executed for the given time.</doc>
<msg timestamp="20220120 22:10:05.948" level="INFO">Slept 3 seconds</msg>
<status status="PASS" starttime="20220120 22:10:02.932" endtime="20220120 22:10:05.948"/>
</kw>
<status status="PASS" starttime="20220120 22:10:02.880" endtime="20220120 22:10:05.948"/>
</kw>
<kw name="Verify that a user can send a message" library="FrontOfficeApp">
<kw name="A user can send a message" library="Contact">
<kw name="Generate Random String" library="String">
<var>${password}</var>
<arg>7</arg>
<arg>[NUMBERS][LOWER]</arg>
<doc>Generates a string with a desired ``length`` from the given ``chars``.</doc>
<msg timestamp="20220120 22:10:05.950" level="INFO">${password} = vyaj5ew</msg>
<status status="PASS" starttime="20220120 22:10:05.950" endtime="20220120 22:10:05.950"/>
</kw>
<kw name="Generate Random String" library="String">
<var>${number}</var>
<arg>7</arg>
<arg>[NUMBERS]</arg>
<doc>Generates a string with a desired ``length`` from the given ``chars``.</doc>
<msg timestamp="20220120 22:10:05.950" level="INFO">${number} = 2825560</msg>
<status status="PASS" starttime="20220120 22:10:05.950" endtime="20220120 22:10:05.950"/>
</kw>
<kw name="Generate Random String" library="String">
<var>${message}</var>
<arg>347</arg>
<arg>[UPPER] [LOWER] [UPPER] [LOWER]</arg>
<doc>Generates a string with a desired ``length`` from the given ``chars``.</doc>
<msg timestamp="20220120 22:10:05.951" level="INFO">${message} = XjpWrCxhGXVSOUeUHa MqOCaDyBvgRemOgdJSuddPFMOLqa rqpDNHBLfsIsTwUbFsHVBIsSrrmkGCGSxZTZGcKaWKctAQeKPliZELqNkPYbsgSmqbemcWEKQCvsaTkUbVTlvxqNgFhupRYAzdbSHcxLCbhUeETSOXNccsCcZyMKCk lICvvzXjaeRQsriGiwZsAzzaS...</msg>
<status status="PASS" starttime="20220120 22:10:05.950" endtime="20220120 22:10:05.951"/>
</kw>
<kw name="Input Text" library="SeleniumLibrary">
<arg>${YOUR_NAME_CONTAINER}</arg>
<arg>Some name</arg>
<doc>Types the given ``text`` into the text field identified by ``locator``.</doc>
<msg timestamp="20220120 22:10:05.951" level="INFO">Typing text 'Some name' into text field '//*[@id="name"]'.</msg>
<status status="PASS" starttime="20220120 22:10:05.951" endtime="20220120 22:10:06.050"/>
</kw>
<kw name="Input Text" library="SeleniumLibrary">
<arg>${YOUR_EMAIL_CONTAINER}</arg>
<arg>${password}@gmail.com</arg>
<doc>Types the given ``text`` into the text field identified by ``locator``.</doc>
<msg timestamp="20220120 22:10:06.051" level="INFO">Typing text 'vyaj5ew@gmail.com' into text field '//*[@id="email"]'.</msg>
<status status="PASS" starttime="20220120 22:10:06.050" endtime="20220120 22:10:06.175"/>
</kw>
<kw name="Input Text" library="SeleniumLibrary">
<arg>${YOUR_PHONE_CONTAINER}</arg>
<arg>076${number}</arg>
<doc>Types the given ``text`` into the text field identified by ``locator``.</doc>
<msg timestamp="20220120 22:10:06.176" level="INFO">Typing text '0762825560' into text field '//*[@id="phone"]'.</msg>
<status status="PASS" starttime="20220120 22:10:06.175" endtime="20220120 22:10:06.269"/>
</kw>
<kw name="Input Text" library="SeleniumLibrary">
<arg>${YOUR_MESSAGE_CONTAINER}</arg>
<arg>This is my message "${message}"</arg>
<doc>Types the given ``text`` into the text field identified by ``locator``.</doc>
<msg timestamp="20220120 22:10:06.270" level="INFO">Typing text 'This is my message "XjpWrCxhGXVSOUeUHa MqOCaDyBvgRemOgdJSuddPFMOLqa rqpDNHBLfsIsTwUbFsHVBIsSrrmkGCGSxZTZGcKaWKctAQeKPliZELqNkPYbsgSmqbemcWEKQCvsaTkUbVTlvxqNgFhupRYAzdbSHcxLCbhUeETSOXNccsCcZyMKCk lICvvzXjaeRQsriGiwZsAzzaSPr KySRMmsRCRZZTJrKZOAmyIhUSmskLBSju GYKmakszcKsbK zoepKGokuVmtzGIdFQHuLIkChijNnohycwHINKgNHzUDnoSrRVCsuQLC rqVyhJRsKAmOGOJpSYVJmsDfOmv yfUwmEOLXUa"' into text field '//*[@id="message"]'.</msg>
<status status="PASS" starttime="20220120 22:10:06.269" endtime="20220120 22:10:07.185"/>
</kw>
<kw name="Sleep" library="BuiltIn">
<arg>7s</arg>
<doc>Pauses the test executed for the given time.</doc>
<msg timestamp="20220120 22:10:14.195" level="INFO">Slept 7 seconds</msg>
<status status="PASS" starttime="20220120 22:10:07.185" endtime="20220120 22:10:14.195"/>
</kw>
<kw name="Click Element" library="SeleniumLibrary">
<arg>${SEND_MESSAGE_BUTTON}</arg>
<doc>Click the element identified by ``locator``.</doc>
<msg timestamp="20220120 22:10:14.196" level="INFO">Clicking element '//*[@id="contactForm"]/div/div[4]/button'.</msg>
<status status="PASS" starttime="20220120 22:10:14.196" endtime="20220120 22:10:14.238"/>
</kw>
<kw name="Sleep" library="BuiltIn">
<arg>2s</arg>
<doc>Pauses the test executed for the given time.</doc>
<msg timestamp="20220120 22:10:16.247" level="INFO">Slept 2 seconds</msg>
<status status="PASS" starttime="20220120 22:10:14.238" endtime="20220120 22:10:16.247"/>
</kw>
<kw name="Element Text Should Be" library="SeleniumLibrary">
<arg>${MESSAGE_SENT_SUCCESS_MESSAGE}</arg>
<arg>Your message has been sent.</arg>
<doc>Verifies that element ``locator`` contains exact the text ``expected``.</doc>
<msg timestamp="20220120 22:10:16.248" level="INFO">Verifying element '//*[@id="success"]/div/strong' contains exact text 'Your message has been sent.'.</msg>
<status status="PASS" starttime="20220120 22:10:16.247" endtime="20220120 22:10:16.267"/>
</kw>
<kw name="Sleep" library="BuiltIn">
<arg>2s</arg>
<doc>Pauses the test executed for the given time.</doc>
<msg timestamp="20220120 22:10:18.278" level="INFO">Slept 2 seconds</msg>
<status status="PASS" starttime="20220120 22:10:16.268" endtime="20220120 22:10:18.278"/>
</kw>
<status status="PASS" starttime="20220120 22:10:05.949" endtime="20220120 22:10:18.278"/>
</kw>
<status status="PASS" starttime="20220120 22:10:05.949" endtime="20220120 22:10:18.278"/>
</kw>
<kw name="End Web Test" library="CommonWebApp" type="TEARDOWN">
<kw name="Close All Browsers" library="SeleniumLibrary">
<doc>Closes all open browsers and resets the browser cache.</doc>
<status status="PASS" starttime="20220120 22:10:18.279" endtime="20220120 22:10:20.427"/>
</kw>
<status status="PASS" starttime="20220120 22:10:18.279" endtime="20220120 22:10:20.427"/>
</kw>
<status status="PASS" starttime="20220120 22:09:56.689" endtime="20220120 22:10:20.428"/>
</test>
<test id="s1-s2-t2" name="Verify that error messages appear under each field after a user clicks the &quot;Send message&quot; button without entering data in the fields">
<kw name="Begin Web Test" library="CommonWebApp" type="SETUP">
<kw name="Open Browser" library="SeleniumLibrary">
<arg>about:blank</arg>
<arg>${BROWSER}</arg>
<doc>Opens a new browser instance to the optional ``url``.</doc>
<msg timestamp="20220120 22:10:20.431" level="INFO">Opening browser 'chrome' to base url 'about:blank'.</msg>
<status status="PASS" starttime="20220120 22:10:20.431" endtime="20220120 22:10:21.787"/>
</kw>
<kw name="Go To" library="SeleniumLibrary">
<arg>${URL}</arg>
<doc>Navigates the current browser window to the provided ``url``.</doc>
<msg timestamp="20220120 22:10:21.787" level="INFO">Opening url 'https://www.robotframeworktutorial.com/front-office/'</msg>
<status status="PASS" starttime="20220120 22:10:21.787" endtime="20220120 22:10:25.799"/>
</kw>
<kw name="Maximize Browser Window" library="SeleniumLibrary">
<doc>Maximizes current browser window.</doc>
<status status="PASS" starttime="20220120 22:10:25.799" endtime="20220120 22:10:25.925"/>
</kw>
<status status="PASS" starttime="20220120 22:10:20.430" endtime="20220120 22:10:25.926"/>
</kw>
<kw name="Select the &quot;Contact&quot; Page" library="TopNav">
<kw name="Click Element" library="SeleniumLibrary">
<arg>${TOP_NAV_CONTACT_LINK}</arg>
<doc>Click the element identified by ``locator``.</doc>
<msg timestamp="20220120 22:10:25.927" level="INFO">Clicking element '//*[@id="bs-example-navbar-collapse-1"]/ul/li[6]/a'.</msg>
<status status="PASS" starttime="20220120 22:10:25.927" endtime="20220120 22:10:25.978"/>
</kw>
<kw name="Sleep" library="BuiltIn">
<arg>3s</arg>
<doc>Pauses the test executed for the given time.</doc>
<msg timestamp="20220120 22:10:28.988" level="INFO">Slept 3 seconds</msg>
<status status="PASS" starttime="20220120 22:10:25.979" endtime="20220120 22:10:28.988"/>
</kw>
<status status="PASS" starttime="20220120 22:10:25.926" endtime="20220120 22:10:28.988"/>
</kw>
<kw name="Verify that error messages appear under each field" library="FrontOfficeApp">
<kw name="Error messages do appear" library="Contact">
<kw name="Click Element" library="SeleniumLibrary">
<arg>${SEND_MESSAGE_BUTTON}</arg>
<doc>Click the element identified by ``locator``.</doc>
<msg timestamp="20220120 22:10:28.990" level="INFO">Clicking element '//*[@id="contactForm"]/div/div[4]/button'.</msg>
<status status="PASS" starttime="20220120 22:10:28.989" endtime="20220120 22:10:29.041"/>
</kw>
<kw name="Element Text Should Be" library="SeleniumLibrary">
<arg>${YOUR_NAME_ERROR_MESSAGE_CONTAINER}</arg>
<arg>Please enter your name.</arg>
<doc>Verifies that element ``locator`` contains exact the text ``expected``.</doc>
<msg timestamp="20220120 22:10:29.041" level="INFO">Verifying element '//*[@id="contactForm"]/div/div[1]/div[1]/p/ul/li' contains exact text 'Please enter your name.'.</msg>
<status status="PASS" starttime="20220120 22:10:29.041" endtime="20220120 22:10:29.067"/>
</kw>
<kw name="Element Text Should Be" library="SeleniumLibrary">
<arg>${YOUR_EMAIL_ERROR_MESSAGE_CONTAINER}</arg>
<arg>Please enter your email address.</arg>
<doc>Verifies that element ``locator`` contains exact the text ``expected``.</doc>
<msg timestamp="20220120 22:10:29.067" level="INFO">Verifying element '//*[@id="contactForm"]/div/div[1]/div[2]/p/ul/li' contains exact text 'Please enter your email address.'.</msg>
<status status="PASS" starttime="20220120 22:10:29.067" endtime="20220120 22:10:29.086"/>
</kw>
<kw name="Element Text Should Be" library="SeleniumLibrary">
<arg>${YOUR_NUMBER_ERROR_MESSAGE_CONTAINER}</arg>
<arg>Please enter your phone number.</arg>
<doc>Verifies that element ``locator`` contains exact the text ``expected``.</doc>
<msg timestamp="20220120 22:10:29.086" level="INFO">Verifying element '//*[@id="contactForm"]/div/div[1]/div[3]/p/ul/li' contains exact text 'Please enter your phone number.'.</msg>
<status status="PASS" starttime="20220120 22:10:29.086" endtime="20220120 22:10:29.103"/>
</kw>
<kw name="Element Text Should Be" library="SeleniumLibrary">
<arg>${YOUR_MESSAGE_ERROR_MESSAGE_CONTAINER}</arg>
<arg>Please enter a message.</arg>
<doc>Verifies that element ``locator`` contains exact the text ``expected``.</doc>
<msg timestamp="20220120 22:10:29.104" level="INFO">Verifying element '//*[@id="contactForm"]/div/div[2]/div/p/ul/li' contains exact text 'Please enter a message.'.</msg>
<status status="PASS" starttime="20220120 22:10:29.103" endtime="20220120 22:10:29.121"/>
</kw>
<kw name="Sleep" library="BuiltIn">
<arg>5s</arg>
<doc>Pauses the test executed for the given time.</doc>
<msg timestamp="20220120 22:10:34.126" level="INFO">Slept 5 seconds</msg>
<status status="PASS" starttime="20220120 22:10:29.121" endtime="20220120 22:10:34.126"/>
</kw>
<status status="PASS" starttime="20220120 22:10:28.989" endtime="20220120 22:10:34.126"/>
</kw>
<status status="PASS" starttime="20220120 22:10:28.989" endtime="20220120 22:10:34.126"/>
</kw>
<kw name="End Web Test" library="CommonWebApp" type="TEARDOWN">
<kw name="Close All Browsers" library="SeleniumLibrary">
<doc>Closes all open browsers and resets the browser cache.</doc>
<status status="PASS" starttime="20220120 22:10:34.128" endtime="20220120 22:10:36.282"/>
</kw>
<status status="PASS" starttime="20220120 22:10:34.127" endtime="20220120 22:10:36.282"/>
</kw>
<status status="PASS" starttime="20220120 22:10:20.429" endtime="20220120 22:10:36.283"/>
</test>
<doc>Testing of the "Services" section</doc>
<status status="PASS" starttime="20220120 22:09:56.670" endtime="20220120 22:10:36.284"/>
</suite>
<suite id="s1-s3" name="Front Office Portfolio" source="C:\Users\d.nedeljkov\Desktop\RF vezba\tests\Front_Office_Portfolio.robot">
<test id="s1-s3-t1" name="Portfolio section contains right section names">
<kw name="Begin Web Test" library="CommonWebApp" type="SETUP">
<kw name="Open Browser" library="SeleniumLibrary">
<arg>about:blank</arg>
<arg>${BROWSER}</arg>
<doc>Opens a new browser instance to the optional ``url``.</doc>
<msg timestamp="20220120 22:10:36.310" level="INFO">Opening browser 'chrome' to base url 'about:blank'.</msg>
<status status="PASS" starttime="20220120 22:10:36.310" endtime="20220120 22:10:37.584"/>
</kw>
<kw name="Go To" library="SeleniumLibrary">
<arg>${URL}</arg>
<doc>Navigates the current browser window to the provided ``url``.</doc>
<msg timestamp="20220120 22:10:37.585" level="INFO">Opening url 'https://www.robotframeworktutorial.com/front-office/'</msg>
<status status="PASS" starttime="20220120 22:10:37.585" endtime="20220120 22:10:41.740"/>
</kw>
<kw name="Maximize Browser Window" library="SeleniumLibrary">
<doc>Maximizes current browser window.</doc>
<status status="PASS" starttime="20220120 22:10:41.741" endtime="20220120 22:10:41.869"/>
</kw>
<status status="PASS" starttime="20220120 22:10:36.309" endtime="20220120 22:10:41.869"/>
</kw>
<kw name="Go to the &quot;Portfolio&quot; page" library="FrontOfficeApp">
<kw name="Select the &quot;Portfolio&quot; page" library="TopNav">
<kw name="Click Element" library="SeleniumLibrary">
<arg>${TOP_NAV_PORTFOLIO_LINK}</arg>
<doc>Click the element identified by ``locator``.</doc>
<msg timestamp="20220120 22:10:41.871" level="INFO">Clicking element '//*[@id="bs-example-navbar-collapse-1"]/ul/li[3]/a'.</msg>
<status status="PASS" starttime="20220120 22:10:41.871" endtime="20220120 22:10:41.919"/>
</kw>
<kw name="Sleep" library="BuiltIn">
<arg>3s</arg>
<doc>Pauses the test executed for the given time.</doc>
<msg timestamp="20220120 22:10:44.927" level="INFO">Slept 3 seconds</msg>
<status status="PASS" starttime="20220120 22:10:41.919" endtime="20220120 22:10:44.927"/>
</kw>
<status status="PASS" starttime="20220120 22:10:41.871" endtime="20220120 22:10:44.927"/>
</kw>
<status status="PASS" starttime="20220120 22:10:41.870" endtime="20220120 22:10:44.927"/>
</kw>
<kw name="Verify &quot;Portfolio&quot; sections names" library="FrontOfficeApp">
<kw name="Portfolio section names are correct" library="Portfolio">
<kw name="Element Text Should Be" library="SeleniumLibrary">
<arg>${PORTFOLIO_FIRST_SECTION_NAME}</arg>
<arg>Round Icons</arg>
<doc>Verifies that element ``locator`` contains exact the text ``expected``.</doc>
<msg timestamp="20220120 22:10:44.929" level="INFO">Verifying element '//*[@id="portfolio"]/div/div[2]/div[1]/div/h4' contains exact text 'Round Icons'.</msg>
<status status="PASS" starttime="20220120 22:10:44.929" endtime="20220120 22:10:44.954"/>
</kw>
<kw name="Element Text Should Be" library="SeleniumLibrary">
<arg>${PORTFOLIO_SECOND_SECTION_NAME}</arg>
<arg>Startup Framework</arg>
<doc>Verifies that element ``locator`` contains exact the text ``expected``.</doc>
<msg timestamp="20220120 22:10:44.955" level="INFO">Verifying element '//*[@id="portfolio"]/div/div[2]/div[2]/div/h4' contains exact text 'Startup Framework'.</msg>
<status status="PASS" starttime="20220120 22:10:44.955" endtime="20220120 22:10:44.974"/>
</kw>
<kw name="Element Text Should Be" library="SeleniumLibrary">
<arg>${PORTFOLIO_THIRD_SECTION_NAME}</arg>
<arg>Treehouse</arg>
<doc>Verifies that element ``locator`` contains exact the text ``expected``.</doc>
<msg timestamp="20220120 22:10:44.975" level="INFO">Verifying element '//*[@id="portfolio"]/div/div[2]/div[3]/div/h4' contains exact text 'Treehouse'.</msg>
<status status="PASS" starttime="20220120 22:10:44.974" endtime="20220120 22:10:44.993"/>
</kw>
<kw name="Element Text Should Be" library="SeleniumLibrary">
<arg>${PORTFOLIO_FOURTH_SECTION_NAME}</arg>
<arg>Golden</arg>
<doc>Verifies that element ``locator`` contains exact the text ``expected``.</doc>
<msg timestamp="20220120 22:10:44.994" level="INFO">Verifying element '//*[@id="portfolio"]/div/div[2]/div[4]/div/h4' contains exact text 'Golden'.</msg>
<status status="PASS" starttime="20220120 22:10:44.993" endtime="20220120 22:10:45.012"/>
</kw>
<kw name="Element Text Should Be" library="SeleniumLibrary">
<arg>${PORTFOLIO_FIFTH_SECTION_NAME}</arg>
<arg>Escape</arg>
<doc>Verifies that element ``locator`` contains exact the text ``expected``.</doc>
<msg timestamp="20220120 22:10:45.012" level="INFO">Verifying element '//*[@id="portfolio"]/div/div[2]/div[5]/div/h4' contains exact text 'Escape'.</msg>
<status status="PASS" starttime="20220120 22:10:45.012" endtime="20220120 22:10:45.031"/>
</kw>
<kw name="Element Text Should Be" library="SeleniumLibrary">
<arg>${PORTFOLIO_SIXTH_SECTION_NAME}</arg>
<arg>Dreams</arg>
<doc>Verifies that element ``locator`` contains exact the text ``expected``.</doc>
<msg timestamp="20220120 22:10:45.031" level="INFO">Verifying element '//*[@id="portfolio"]/div/div[2]/div[6]/div/h4' contains exact text 'Dreams'.</msg>
<status status="PASS" starttime="20220120 22:10:45.031" endtime="20220120 22:10:45.049"/>
</kw>
<status status="PASS" starttime="20220120 22:10:44.928" endtime="20220120 22:10:45.050"/>
</kw>
<status status="PASS" starttime="20220120 22:10:44.928" endtime="20220120 22:10:45.050"/>
</kw>
<kw name="End Web Test" library="CommonWebApp" type="TEARDOWN">
<kw name="Close All Browsers" library="SeleniumLibrary">
<doc>Closes all open browsers and resets the browser cache.</doc>
<status status="PASS" starttime="20220120 22:10:45.051" endtime="20220120 22:10:47.623"/>
</kw>
<status status="PASS" starttime="20220120 22:10:45.050" endtime="20220120 22:10:47.623"/>
</kw>
<status status="PASS" starttime="20220120 22:10:36.309" endtime="20220120 22:10:47.624"/>
</test>
<test id="s1-s3-t2" name="Portfolio section Mouse actions">
<kw name="Begin Web Test" library="CommonWebApp" type="SETUP">
<kw name="Open Browser" library="SeleniumLibrary">
<arg>about:blank</arg>
<arg>${BROWSER}</arg>
<doc>Opens a new browser instance to the optional ``url``.</doc>
<msg timestamp="20220120 22:10:47.627" level="INFO">Opening browser 'chrome' to base url 'about:blank'.</msg>
<status status="PASS" starttime="20220120 22:10:47.627" endtime="20220120 22:10:48.951"/>
</kw>
<kw name="Go To" library="SeleniumLibrary">
<arg>${URL}</arg>
<doc>Navigates the current browser window to the provided ``url``.</doc>
<msg timestamp="20220120 22:10:48.951" level="INFO">Opening url 'https://www.robotframeworktutorial.com/front-office/'</msg>
<status status="PASS" starttime="20220120 22:10:48.951" endtime="20220120 22:10:53.848"/>
</kw>
<kw name="Maximize Browser Window" library="SeleniumLibrary">
<doc>Maximizes current browser window.</doc>
<status status="PASS" starttime="20220120 22:10:53.848" endtime="20220120 22:10:53.977"/>
</kw>
<status status="PASS" starttime="20220120 22:10:47.626" endtime="20220120 22:10:53.977"/>
</kw>
<kw name="Go to the &quot;Portfolio&quot; page" library="FrontOfficeApp">
<kw name="Select the &quot;Portfolio&quot; page" library="TopNav">
<kw name="Click Element" library="SeleniumLibrary">
<arg>${TOP_NAV_PORTFOLIO_LINK}</arg>
<doc>Click the element identified by ``locator``.</doc>
<msg timestamp="20220120 22:10:53.979" level="INFO">Clicking element '//*[@id="bs-example-navbar-collapse-1"]/ul/li[3]/a'.</msg>
<status status="PASS" starttime="20220120 22:10:53.979" endtime="20220120 22:10:54.027"/>
</kw>
<kw name="Sleep" library="BuiltIn">
<arg>3s</arg>
<doc>Pauses the test executed for the given time.</doc>
<msg timestamp="20220120 22:10:57.038" level="INFO">Slept 3 seconds</msg>
<status status="PASS" starttime="20220120 22:10:54.028" endtime="20220120 22:10:57.038"/>
</kw>
<status status="PASS" starttime="20220120 22:10:53.978" endtime="20220120 22:10:57.038"/>
</kw>
<status status="PASS" starttime="20220120 22:10:53.978" endtime="20220120 22:10:57.039"/>
</kw>
<kw name="Verify Portfolio Mouse Actions" library="FrontOfficeApp">
<kw name="Mouse actions are working" library="Portfolio">
<kw name="Mouse Over" library="SeleniumLibrary">
<arg>${PORTFOLIO_FIRST_SECTION_AREA}</arg>
<doc>Simulates hovering the mouse over the element ``locator``.</doc>
<msg timestamp="20220120 22:10:57.040" level="INFO">Simulating Mouse Over on element '//*[@id="portfolio"]/div/div[2]/div[1]'.</msg>
<status status="PASS" starttime="20220120 22:10:57.040" endtime="20220120 22:10:57.325"/>
</kw>
<kw name="Sleep" library="BuiltIn">
<arg>2s</arg>
<doc>Pauses the test executed for the given time.</doc>
<msg timestamp="20220120 22:10:59.336" level="INFO">Slept 2 seconds</msg>
<status status="PASS" starttime="20220120 22:10:57.325" endtime="20220120 22:10:59.336"/>
</kw>
<kw name="Mouse Over" library="SeleniumLibrary">
<arg>${PORTFOLIO_SECOND_SECTION_AREA}</arg>
<doc>Simulates hovering the mouse over the element ``locator``.</doc>
<msg timestamp="20220120 22:10:59.337" level="INFO">Simulating Mouse Over on element '//*[@id="portfolio"]/div/div[2]/div[2]'.</msg>
<status status="PASS" starttime="20220120 22:10:59.336" endtime="20220120 22:10:59.616"/>
</kw>
<kw name="Sleep" library="BuiltIn">
<arg>2s</arg>
<doc>Pauses the test executed for the given time.</doc>
<msg timestamp="20220120 22:11:01.623" level="INFO">Slept 2 seconds</msg>
<status status="PASS" starttime="20220120 22:10:59.616" endtime="20220120 22:11:01.623"/>
</kw>
<kw name="Mouse Over" library="SeleniumLibrary">
<arg>${PORTFOLIO_THIRD_SECTION_AREA}</arg>
<doc>Simulates hovering the mouse over the element ``locator``.</doc>
<msg timestamp="20220120 22:11:01.623" level="INFO">Simulating Mouse Over on element '//*[@id="portfolio"]/div/div[2]/div[3]'.</msg>
<status status="PASS" starttime="20220120 22:11:01.623" endtime="20220120 22:11:01.902"/>
</kw>
<kw name="Sleep" library="BuiltIn">
<arg>2s</arg>
<doc>Pauses the test executed for the given time.</doc>
<msg timestamp="20220120 22:11:03.916" level="INFO">Slept 2 seconds</msg>
<status status="PASS" starttime="20220120 22:11:01.903" endtime="20220120 22:11:03.916"/>
</kw>
<kw name="Mouse Over" library="SeleniumLibrary">
<arg>${PORTFOLIO_FOURTH_SECTION_AREA}</arg>
<doc>Simulates hovering the mouse over the element ``locator``.</doc>
<msg timestamp="20220120 22:11:03.916" level="INFO">Simulating Mouse Over on element '//*[@id="portfolio"]/div/div[2]/div[4]'.</msg>
<status status="PASS" starttime="20220120 22:11:03.916" endtime="20220120 22:11:04.195"/>
</kw>
<kw name="Sleep" library="BuiltIn">
<arg>2s</arg>
<doc>Pauses the test executed for the given time.</doc>
<msg timestamp="20220120 22:11:06.196" level="INFO">Slept 2 seconds</msg>
<status status="PASS" starttime="20220120 22:11:04.196" endtime="20220120 22:11:06.196"/>
</kw>
<kw name="Mouse Over" library="SeleniumLibrary">
<arg>${PORTFOLIO_FIFTH_SECTION_AREA}</arg>
<doc>Simulates hovering the mouse over the element ``locator``.</doc>
<msg timestamp="20220120 22:11:06.197" level="INFO">Simulating Mouse Over on element '//*[@id="portfolio"]/div/div[2]/div[5]'.</msg>
<status status="PASS" starttime="20220120 22:11:06.196" endtime="20220120 22:11:06.479"/>
</kw>
<kw name="Sleep" library="BuiltIn">
<arg>2s</arg>
<doc>Pauses the test executed for the given time.</doc>
<msg timestamp="20220120 22:11:08.485" level="INFO">Slept 2 seconds</msg>
<status status="PASS" starttime="20220120 22:11:06.479" endtime="20220120 22:11:08.485"/>
</kw>
<kw name="Mouse Over" library="SeleniumLibrary">
<arg>${PORTFOLIO_SIXTH_SECTION_AREA}</arg>
<doc>Simulates hovering the mouse over the element ``locator``.</doc>
<msg timestamp="20220120 22:11:08.485" level="INFO">Simulating Mouse Over on element '//*[@id="portfolio"]/div/div[2]/div[6]'.</msg>
<status status="PASS" starttime="20220120 22:11:08.485" endtime="20220120 22:11:08.766"/>
</kw>
<kw name="Sleep" library="BuiltIn">
<arg>2s</arg>
<doc>Pauses the test executed for the given time.</doc>
<msg timestamp="20220120 22:11:10.771" level="INFO">Slept 2 seconds</msg>
<status status="PASS" starttime="20220120 22:11:08.767" endtime="20220120 22:11:10.771"/>
</kw>
<status status="PASS" starttime="20220120 22:10:57.040" endtime="20220120 22:11:10.771"/>
</kw>
<status status="PASS" starttime="20220120 22:10:57.039" endtime="20220120 22:11:10.771"/>
</kw>
<kw name="End Web Test" library="CommonWebApp" type="TEARDOWN">
<kw name="Close All Browsers" library="SeleniumLibrary">
<doc>Closes all open browsers and resets the browser cache.</doc>
<status status="PASS" starttime="20220120 22:11:10.773" endtime="20220120 22:11:12.910"/>
</kw>
<status status="PASS" starttime="20220120 22:11:10.771" endtime="20220120 22:11:12.910"/>
</kw>
<status status="PASS" starttime="20220120 22:10:47.625" endtime="20220120 22:11:12.911"/>
</test>
<test id="s1-s3-t3" name="Click on the first area in &quot;Portfolio&quot; section opens a modal">
<kw name="Begin Web Test" library="CommonWebApp" type="SETUP">
<kw name="Open Browser" library="SeleniumLibrary">
<arg>about:blank</arg>
<arg>${BROWSER}</arg>
<doc>Opens a new browser instance to the optional ``url``.</doc>
<msg timestamp="20220120 22:11:12.914" level="INFO">Opening browser 'chrome' to base url 'about:blank'.</msg>
<status status="PASS" starttime="20220120 22:11:12.914" endtime="20220120 22:11:14.198"/>
</kw>
<kw name="Go To" library="SeleniumLibrary">
<arg>${URL}</arg>
<doc>Navigates the current browser window to the provided ``url``.</doc>
<msg timestamp="20220120 22:11:14.198" level="INFO">Opening url 'https://www.robotframeworktutorial.com/front-office/'</msg>
<status status="PASS" starttime="20220120 22:11:14.198" endtime="20220120 22:11:18.596"/>
</kw>
<kw name="Maximize Browser Window" library="SeleniumLibrary">
<doc>Maximizes current browser window.</doc>
<status status="PASS" starttime="20220120 22:11:18.597" endtime="20220120 22:11:18.730"/>
</kw>
<status status="PASS" starttime="20220120 22:11:12.914" endtime="20220120 22:11:18.730"/>
</kw>
<kw name="Go to the &quot;Portfolio&quot; page" library="FrontOfficeApp">
<kw name="Select the &quot;Portfolio&quot; page" library="TopNav">
<kw name="Click Element" library="SeleniumLibrary">
<arg>${TOP_NAV_PORTFOLIO_LINK}</arg>
<doc>Click the element identified by ``locator``.</doc>
<msg timestamp="20220120 22:11:18.732" level="INFO">Clicking element '//*[@id="bs-example-navbar-collapse-1"]/ul/li[3]/a'.</msg>
<status status="PASS" starttime="20220120 22:11:18.731" endtime="20220120 22:11:18.780"/>
</kw>
<kw name="Sleep" library="BuiltIn">
<arg>3s</arg>
<doc>Pauses the test executed for the given time.</doc>
<msg timestamp="20220120 22:11:21.795" level="INFO">Slept 3 seconds</msg>
<status status="PASS" starttime="20220120 22:11:18.781" endtime="20220120 22:11:21.795"/>
</kw>
<status status="PASS" starttime="20220120 22:11:18.731" endtime="20220120 22:11:21.795"/>
</kw>
<status status="PASS" starttime="20220120 22:11:18.731" endtime="20220120 22:11:21.796"/>
</kw>
<kw name="Click on the first section" library="FrontOfficeApp">
<kw name="Click on the first section opens a modal" library="Portfolio">
<kw name="Click Element" library="SeleniumLibrary">
<arg>${FIRST_SECTION_BUTTON}</arg>
<doc>Click the element identified by ``locator``.</doc>
<msg timestamp="20220120 22:11:21.798" level="INFO">Clicking element '//*[@id="portfolio"]/div/div[2]/div[1]/a/div/div/i'.</msg>
<status status="PASS" starttime="20220120 22:11:21.797" endtime="20220120 22:11:21.844"/>
</kw>
<kw name="Mouse Over" library="SeleniumLibrary">
<arg>${PORTFOLIO_FIRST_SECTION_AREA}</arg>
<doc>Simulates hovering the mouse over the element ``locator``.</doc>
<msg timestamp="20220120 22:11:21.845" level="INFO">Simulating Mouse Over on element '//*[@id="portfolio"]/div/div[2]/div[1]'.</msg>
<status status="PASS" starttime="20220120 22:11:21.845" endtime="20220120 22:11:22.143"/>
</kw>
<kw name="Sleep" library="BuiltIn">
<arg>2s</arg>
<doc>Pauses the test executed for the given time.</doc>
<msg timestamp="20220120 22:11:24.149" level="INFO">Slept 2 seconds</msg>
<status status="PASS" starttime="20220120 22:11:22.143" endtime="20220120 22:11:24.149"/>
</kw>
<kw name="Element Should Contain" library="SeleniumLibrary">
<arg>${PROJECT_SECTION_ONE_MODAL_TEXT}</arg>
<arg>amet consectetur</arg>
<doc>Verifies that element ``locator`` contains text ``expected``.</doc>
<msg timestamp="20220120 22:11:24.174" level="INFO">Element '//*[@id="portfolioModal1"]/div/div/div[2]/div/div/div/p[1]' contains text 'amet consectetur'.</msg>
<status status="PASS" starttime="20220120 22:11:24.149" endtime="20220120 22:11:24.174"/>
</kw>
<kw name="Sleep" library="BuiltIn">
<arg>2s</arg>
<doc>Pauses the test executed for the given time.</doc>
<msg timestamp="20220120 22:11:26.178" level="INFO">Slept 2 seconds</msg>
<status status="PASS" starttime="20220120 22:11:24.175" endtime="20220120 22:11:26.178"/>
</kw>
<kw name="Click Element" library="SeleniumLibrary">
<arg>${CLOSE_MODAL_BUTTON}</arg>
<doc>Click the element identified by ``locator``.</doc>
<msg timestamp="20220120 22:11:26.178" level="INFO">Clicking element 'class=close-modal'.</msg>
<status status="PASS" starttime="20220120 22:11:26.178" endtime="20220120 22:11:26.216"/>
</kw>
<kw name="Sleep" library="BuiltIn">
<arg>2s</arg>
<doc>Pauses the test executed for the given time.</doc>
<msg timestamp="20220120 22:11:28.226" level="INFO">Slept 2 seconds</msg>
<status status="PASS" starttime="20220120 22:11:26.217" endtime="20220120 22:11:28.226"/>
</kw>
<status status="PASS" starttime="20220120 22:11:21.797" endtime="20220120 22:11:28.226"/>
</kw>
<status status="PASS" starttime="20220120 22:11:21.797" endtime="20220120 22:11:28.226"/>
</kw>
<kw name="End Web Test" library="CommonWebApp" type="TEARDOWN">
<kw name="Close All Browsers" library="SeleniumLibrary">
<doc>Closes all open browsers and resets the browser cache.</doc>
<status status="PASS" starttime="20220120 22:11:28.228" endtime="20220120 22:11:30.386"/>
</kw>
<status status="PASS" starttime="20220120 22:11:28.227" endtime="20220120 22:11:30.386"/>
</kw>
<status status="PASS" starttime="20220120 22:11:12.913" endtime="20220120 22:11:30.387"/>
</test>
<doc>Testing of the "Services" section</doc>
<status status="PASS" starttime="20220120 22:10:36.287" endtime="20220120 22:11:30.389"/>
</suite>
<suite id="s1-s4" name="Front Office Services" source="C:\Users\d.nedeljkov\Desktop\RF vezba\tests\Front_Office_Services.robot">
<test id="s1-s4-t1" name="&quot;E-Commerce&quot; section contains the right text">
<kw name="Begin Web Test" library="CommonWebApp" type="SETUP">
<kw name="Open Browser" library="SeleniumLibrary">
<arg>about:blank</arg>
<arg>${BROWSER}</arg>
<doc>Opens a new browser instance to the optional ``url``.</doc>
<msg timestamp="20220120 22:11:30.413" level="INFO">Opening browser 'chrome' to base url 'about:blank'.</msg>
<status status="PASS" starttime="20220120 22:11:30.412" endtime="20220120 22:11:31.682"/>
</kw>
<kw name="Go To" library="SeleniumLibrary">
<arg>${URL}</arg>
<doc>Navigates the current browser window to the provided ``url``.</doc>
<msg timestamp="20220120 22:11:31.682" level="INFO">Opening url 'https://www.robotframeworktutorial.com/front-office/'</msg>
<status status="PASS" starttime="20220120 22:11:31.682" endtime="20220120 22:11:35.301"/>
</kw>
<kw name="Maximize Browser Window" library="SeleniumLibrary">
<doc>Maximizes current browser window.</doc>
<status status="PASS" starttime="20220120 22:11:35.301" endtime="20220120 22:11:35.420"/>
</kw>
<status status="PASS" starttime="20220120 22:11:30.412" endtime="20220120 22:11:35.420"/>
</kw>
<kw name="Go to the &quot;Services&quot; page" library="FrontOfficeApp">
<kw name="Select the &quot;Services&quot; page" library="TopNav">
<kw name="Click Element" library="SeleniumLibrary">
<arg>${TOP_NAV_SERVICES_LINK}</arg>
<doc>Click the element identified by ``locator``.</doc>
<msg timestamp="20220120 22:11:35.422" level="INFO">Clicking element '//*[@id="bs-example-navbar-collapse-1"]/ul/li[2]/a'.</msg>
<status status="PASS" starttime="20220120 22:11:35.422" endtime="20220120 22:11:35.465"/>
</kw>
<kw name="Sleep" library="BuiltIn">
<arg>3s</arg>
<doc>Pauses the test executed for the given time.</doc>
<msg timestamp="20220120 22:11:38.468" level="INFO">Slept 3 seconds</msg>
<status status="PASS" starttime="20220120 22:11:35.466" endtime="20220120 22:11:38.468"/>
</kw>
<status status="PASS" starttime="20220120 22:11:35.421" endtime="20220120 22:11:38.468"/>
</kw>
<kw name="Verify Page Loaded" library="Services">
<kw name="Wait Until Page Contains Element" library="SeleniumLibrary">
<arg>${SERVICES_TITLE}</arg>
<doc>Waits until the element ``locator`` appears on the current page.</doc>
<status status="PASS" starttime="20220120 22:11:38.469" endtime="20220120 22:11:38.478"/>
</kw>
<status status="PASS" starttime="20220120 22:11:38.468" endtime="20220120 22:11:38.479"/>
</kw>
<status status="PASS" starttime="20220120 22:11:35.421" endtime="20220120 22:11:38.479"/>
</kw>
<kw name="Verify &quot;E-Commerce&quot; section text" library="FrontOfficeApp">
<kw name="&quot;E.Commerce&quot; contains the right text" library="Services">
<kw name="Element Text Should Be" library="SeleniumLibrary">
<arg>${E-COMMERCE_SECTION_TEXT}</arg>
<arg>Lorem ipsum dolor sit amet, consectetur adipisicing elit. Minima maxime quam architecto quo inventore harum ex magni, dicta impedit.</arg>
<doc>Verifies that element ``locator`` contains exact the text ``expected``.</doc>
<msg timestamp="20220120 22:11:38.481" level="INFO">Verifying element '//*[@id="services"]/div/div[2]/div[1]/p' contains exact text 'Lorem ipsum dolor sit amet, consectetur adipisicing elit. Minima maxime quam architecto quo inventore harum ex magni, dicta impedit.'.</msg>
<status status="PASS" starttime="20220120 22:11:38.480" endtime="20220120 22:11:38.506"/>
</kw>
<status status="PASS" starttime="20220120 22:11:38.480" endtime="20220120 22:11:38.506"/>
</kw>
<status status="PASS" starttime="20220120 22:11:38.479" endtime="20220120 22:11:38.507"/>
</kw>
<kw name="Sleep" library="BuiltIn">
<arg>2s</arg>
<doc>Pauses the test executed for the given time.</doc>
<msg timestamp="20220120 22:11:40.517" level="INFO">Slept 2 seconds</msg>
<status status="PASS" starttime="20220120 22:11:38.507" endtime="20220120 22:11:40.517"/>
</kw>
<kw name="End Web Test" library="CommonWebApp" type="TEARDOWN">
<kw name="Close All Browsers" library="SeleniumLibrary">
<doc>Closes all open browsers and resets the browser cache.</doc>
<status status="PASS" starttime="20220120 22:11:40.518" endtime="20220120 22:11:42.659"/>
</kw>
<status status="PASS" starttime="20220120 22:11:40.518" endtime="20220120 22:11:42.659"/>
</kw>
<status status="PASS" starttime="20220120 22:11:30.411" endtime="20220120 22:11:42.660"/>
</test>
<doc>Testing of the "Services" section</doc>
<status status="PASS" starttime="20220120 22:11:30.391" endtime="20220120 22:11:42.662"/>
</suite>
<suite id="s1-s5" name="Front Office Team" source="C:\Users\d.nedeljkov\Desktop\RF vezba\tests\Front_Office_Team.robot">
<test id="s1-s5-t1" name="The bottom of the section contains the right text">
<kw name="Begin Web Test" library="CommonWebApp" type="SETUP">
<kw name="Open Browser" library="SeleniumLibrary">
<arg>about:blank</arg>
<arg>${BROWSER}</arg>
<doc>Opens a new browser instance to the optional ``url``.</doc>
<msg timestamp="20220120 22:11:42.684" level="INFO">Opening browser 'chrome' to base url 'about:blank'.</msg>
<status status="PASS" starttime="20220120 22:11:42.684" endtime="20220120 22:11:44.006"/>
</kw>
<kw name="Go To" library="SeleniumLibrary">
<arg>${URL}</arg>
<doc>Navigates the current browser window to the provided ``url``.</doc>
<msg timestamp="20220120 22:11:44.007" level="INFO">Opening url 'https://www.robotframeworktutorial.com/front-office/'</msg>
<status status="PASS" starttime="20220120 22:11:44.007" endtime="20220120 22:11:49.094"/>
</kw>
<kw name="Maximize Browser Window" library="SeleniumLibrary">
<doc>Maximizes current browser window.</doc>
<status status="PASS" starttime="20220120 22:11:49.094" endtime="20220120 22:11:49.218"/>
</kw>
<status status="PASS" starttime="20220120 22:11:42.683" endtime="20220120 22:11:49.218"/>
</kw>
<kw name="Go to the &quot;Team&quot; page" library="FrontOfficeApp">
<kw name="Select the &quot;Team&quot; page" library="TopNav">
<kw name="Click Element" library="SeleniumLibrary">
<arg>${TOP_NAV_TEAM_LINK}</arg>
<doc>Click the element identified by ``locator``.</doc>
<msg timestamp="20220120 22:11:49.220" level="INFO">Clicking element 'xpath=//*[@id="bs-example-navbar-collapse-1"]/ul/li[5]/a'.</msg>
<status status="PASS" starttime="20220120 22:11:49.219" endtime="20220120 22:11:49.267"/>
</kw>
<kw name="Sleep" library="BuiltIn">
<arg>3s</arg>
<doc>Pauses the test executed for the given time.</doc>
<msg timestamp="20220120 22:11:52.269" level="INFO">Slept 3 seconds</msg>
<status status="PASS" starttime="20220120 22:11:49.268" endtime="20220120 22:11:52.269"/>
</kw>
<status status="PASS" starttime="20220120 22:11:49.219" endtime="20220120 22:11:52.269"/>
</kw>
<kw name="Verify Page Loaded" library="Team">
<kw name="Wait Until Page Contains Element" library="SeleniumLibrary">
<arg>${TEAM_HEADER_LABEL}</arg>
<doc>Waits until the element ``locator`` appears on the current page.</doc>
<status status="PASS" starttime="20220120 22:11:52.270" endtime="20220120 22:11:52.280"/>
</kw>
<status status="PASS" starttime="20220120 22:11:52.269" endtime="20220120 22:11:52.280"/>
</kw>
<status status="PASS" starttime="20220120 22:11:49.219" endtime="20220120 22:11:52.280"/>
</kw>
<kw name="Validate the &quot;Team&quot; page Bottom text" library="FrontOfficeApp">
<kw name="Verify that Bottom Text is correct" library="Team">
<kw name="Element Text Should Be" library="SeleniumLibrary">
<arg>${TEAM_BOTTOM_TEXT}</arg>
<arg>Lorem ipsum dolor sit amet, consectetur adipisicing elit. Aut eaque, laboriosam veritatis, quos non quis ad perspiciatis, totam corporis ea, alias ut unde.</arg>
<doc>Verifies that element ``locator`` contains exact the text ``expected``.</doc>
<msg timestamp="20220120 22:11:52.282" level="INFO">Verifying element '//*[@id="team"]/div/div[3]/div/p' contains exact text 'Lorem ipsum dolor sit amet, consectetur adipisicing elit. Aut eaque, laboriosam veritatis, quos non quis ad perspiciatis, totam corporis ea, alias ut unde.'.</msg>
<status status="PASS" starttime="20220120 22:11:52.282" endtime="20220120 22:11:52.308"/>
</kw>
<status status="PASS" starttime="20220120 22:11:52.282" endtime="20220120 22:11:52.308"/>
</kw>
<status status="PASS" starttime="20220120 22:11:52.281" endtime="20220120 22:11:52.309"/>
</kw>
<kw name="End Web Test" library="CommonWebApp" type="TEARDOWN">
<kw name="Close All Browsers" library="SeleniumLibrary">
<doc>Closes all open browsers and resets the browser cache.</doc>
<status status="PASS" starttime="20220120 22:11:52.310" endtime="20220120 22:11:54.906"/>
</kw>
<status status="PASS" starttime="20220120 22:11:52.309" endtime="20220120 22:11:54.906"/>
</kw>
<doc>Bottom of the section text</doc>
<tag>test1</tag>
<status status="PASS" starttime="20220120 22:11:42.682" endtime="20220120 22:11:54.907"/>
</test>
<test id="s1-s5-t2" name="Should be able to access &quot;Team&quot; page">
<kw name="Begin Web Test" library="CommonWebApp" type="SETUP">
<kw name="Open Browser" library="SeleniumLibrary">
<arg>about:blank</arg>
<arg>${BROWSER}</arg>
<doc>Opens a new browser instance to the optional ``url``.</doc>
<msg timestamp="20220120 22:11:54.910" level="INFO">Opening browser 'chrome' to base url 'about:blank'.</msg>
<status status="PASS" starttime="20220120 22:11:54.910" endtime="20220120 22:11:56.141"/>
</kw>
<kw name="Go To" library="SeleniumLibrary">
<arg>${URL}</arg>
<doc>Navigates the current browser window to the provided ``url``.</doc>
<msg timestamp="20220120 22:11:56.141" level="INFO">Opening url 'https://www.robotframeworktutorial.com/front-office/'</msg>
<status status="PASS" starttime="20220120 22:11:56.141" endtime="20220120 22:11:59.891"/>
</kw>
<kw name="Maximize Browser Window" library="SeleniumLibrary">
<doc>Maximizes current browser window.</doc>
<status status="PASS" starttime="20220120 22:11:59.891" endtime="20220120 22:12:00.025"/>
</kw>
<status status="PASS" starttime="20220120 22:11:54.909" endtime="20220120 22:12:00.025"/>
</kw>
<kw name="Go to Landing page" library="FrontOfficeApp">
<kw name="Navigate To" library="Landing">
<kw name="Go To" library="SeleniumLibrary">
<arg>${URL}</arg>
<doc>Navigates the current browser window to the provided ``url``.</doc>
<msg timestamp="20220120 22:12:00.027" level="INFO">Opening url 'https://www.robotframeworktutorial.com/front-office/'</msg>
<status status="PASS" starttime="20220120 22:12:00.027" endtime="20220120 22:12:00.240"/>
</kw>
<status status="PASS" starttime="20220120 22:12:00.026" endtime="20220120 22:12:00.240"/>
</kw>
<kw name="Verify Page Loaded" library="Landing">
<kw name="Wait Until Page Contains Element" library="SeleniumLibrary">
<arg>${LANDING_NAVIGATION_ELEMENT}</arg>
<doc>Waits until the element ``locator`` appears on the current page.</doc>
<status status="PASS" starttime="20220120 22:12:00.241" endtime="20220120 22:12:00.251"/>
</kw>
<status status="PASS" starttime="20220120 22:12:00.240" endtime="20220120 22:12:00.251"/>
</kw>
<status status="PASS" starttime="20220120 22:12:00.026" endtime="20220120 22:12:00.252"/>
</kw>
<kw name="Go to the &quot;Team&quot; page" library="FrontOfficeApp">
<kw name="Select the &quot;Team&quot; page" library="TopNav">
<kw name="Click Element" library="SeleniumLibrary">
<arg>${TOP_NAV_TEAM_LINK}</arg>
<doc>Click the element identified by ``locator``.</doc>
<msg timestamp="20220120 22:12:00.254" level="INFO">Clicking element 'xpath=//*[@id="bs-example-navbar-collapse-1"]/ul/li[5]/a'.</msg>
<status status="PASS" starttime="20220120 22:12:00.254" endtime="20220120 22:12:00.295"/>
</kw>
<kw name="Sleep" library="BuiltIn">
<arg>3s</arg>
<doc>Pauses the test executed for the given time.</doc>
<msg timestamp="20220120 22:12:03.307" level="INFO">Slept 3 seconds</msg>
<status status="PASS" starttime="20220120 22:12:00.296" endtime="20220120 22:12:03.307"/>
</kw>
<status status="PASS" starttime="20220120 22:12:00.253" endtime="20220120 22:12:03.307"/>
</kw>
<kw name="Verify Page Loaded" library="Team">
<kw name="Wait Until Page Contains Element" library="SeleniumLibrary">
<arg>${TEAM_HEADER_LABEL}</arg>
<doc>Waits until the element ``locator`` appears on the current page.</doc>
<status status="PASS" starttime="20220120 22:12:03.309" endtime="20220120 22:12:03.321"/>
</kw>
<status status="PASS" starttime="20220120 22:12:03.308" endtime="20220120 22:12:03.322"/>
</kw>
<status status="PASS" starttime="20220120 22:12:00.252" endtime="20220120 22:12:03.322"/>
</kw>
<kw name="End Web Test" library="CommonWebApp" type="TEARDOWN">
<kw name="Close All Browsers" library="SeleniumLibrary">
<doc>Closes all open browsers and resets the browser cache.</doc>
<status status="PASS" starttime="20220120 22:12:03.323" endtime="20220120 22:12:06.652"/>
</kw>
<status status="PASS" starttime="20220120 22:12:03.322" endtime="20220120 22:12:06.652"/>
</kw>
<doc>This is test 1</doc>
<tag>test2</tag>
<status status="PASS" starttime="20220120 22:11:54.908" endtime="20220120 22:12:06.653"/>
</test>
<test id="s1-s5-t3" name="&quot;Team&quot; page should match requirements">
<kw name="Begin Web Test" library="CommonWebApp" type="SETUP">
<kw name="Open Browser" library="SeleniumLibrary">
<arg>about:blank</arg>
<arg>${BROWSER}</arg>
<doc>Opens a new browser instance to the optional ``url``.</doc>
<msg timestamp="20220120 22:12:06.656" level="INFO">Opening browser 'chrome' to base url 'about:blank'.</msg>
<status status="PASS" starttime="20220120 22:12:06.656" endtime="20220120 22:12:07.969"/>
</kw>
<kw name="Go To" library="SeleniumLibrary">
<arg>${URL}</arg>
<doc>Navigates the current browser window to the provided ``url``.</doc>
<msg timestamp="20220120 22:12:07.970" level="INFO">Opening url 'https://www.robotframeworktutorial.com/front-office/'</msg>
<status status="PASS" starttime="20220120 22:12:07.969" endtime="20220120 22:12:11.796"/>
</kw>
<kw name="Maximize Browser Window" library="SeleniumLibrary">
<doc>Maximizes current browser window.</doc>
<status status="PASS" starttime="20220120 22:12:11.797" endtime="20220120 22:12:11.916"/>
</kw>
<status status="PASS" starttime="20220120 22:12:06.655" endtime="20220120 22:12:11.916"/>
</kw>
<kw name="Go to Landing page" library="FrontOfficeApp">
<kw name="Navigate To" library="Landing">
<kw name="Go To" library="SeleniumLibrary">
<arg>${URL}</arg>
<doc>Navigates the current browser window to the provided ``url``.</doc>
<msg timestamp="20220120 22:12:11.918" level="INFO">Opening url 'https://www.robotframeworktutorial.com/front-office/'</msg>
<status status="PASS" starttime="20220120 22:12:11.918" endtime="20220120 22:12:12.238"/>
</kw>
<status status="PASS" starttime="20220120 22:12:11.917" endtime="20220120 22:12:12.238"/>
</kw>
<kw name="Verify Page Loaded" library="Landing">
<kw name="Wait Until Page Contains Element" library="SeleniumLibrary">
<arg>${LANDING_NAVIGATION_ELEMENT}</arg>
<doc>Waits until the element ``locator`` appears on the current page.</doc>
<status status="PASS" starttime="20220120 22:12:12.238" endtime="20220120 22:12:12.249"/>
</kw>
<status status="PASS" starttime="20220120 22:12:12.238" endtime="20220120 22:12:12.250"/>
</kw>
<status status="PASS" starttime="20220120 22:12:11.917" endtime="20220120 22:12:12.250"/>
</kw>
<kw name="Go to the &quot;Team&quot; page" library="FrontOfficeApp">
<kw name="Select the &quot;Team&quot; page" library="TopNav">
<kw name="Click Element" library="SeleniumLibrary">
<arg>${TOP_NAV_TEAM_LINK}</arg>
<doc>Click the element identified by ``locator``.</doc>
<msg timestamp="20220120 22:12:12.251" level="INFO">Clicking element 'xpath=//*[@id="bs-example-navbar-collapse-1"]/ul/li[5]/a'.</msg>
<status status="PASS" starttime="20220120 22:12:12.251" endtime="20220120 22:12:12.297"/>
</kw>
<kw name="Sleep" library="BuiltIn">
<arg>3s</arg>
<doc>Pauses the test executed for the given time.</doc>
<msg timestamp="20220120 22:12:15.308" level="INFO">Slept 3 seconds</msg>
<status status="PASS" starttime="20220120 22:12:12.297" endtime="20220120 22:12:15.308"/>
</kw>
<status status="PASS" starttime="20220120 22:12:12.251" endtime="20220120 22:12:15.308"/>
</kw>
<kw name="Verify Page Loaded" library="Team">
<kw name="Wait Until Page Contains Element" library="SeleniumLibrary">
<arg>${TEAM_HEADER_LABEL}</arg>
<doc>Waits until the element ``locator`` appears on the current page.</doc>
<status status="PASS" starttime="20220120 22:12:15.309" endtime="20220120 22:12:15.319"/>
</kw>
<status status="PASS" starttime="20220120 22:12:15.308" endtime="20220120 22:12:15.319"/>
</kw>
<status status="PASS" starttime="20220120 22:12:12.250" endtime="20220120 22:12:15.319"/>
</kw>
<kw name="Validate the &quot;Team&quot; page Title" library="FrontOfficeApp">
<kw name="Verify Title is Correct" library="Team">
<kw name="Element Text Should Be" library="SeleniumLibrary">
<arg>${TEAM_HEADER_LABEL}</arg>
<arg>OUR AMAZING TEAM</arg>
<doc>Verifies that element ``locator`` contains exact the text ``expected``.</doc>
<msg timestamp="20220120 22:12:15.321" level="INFO">Verifying element '//*[@id="team"]/div/div[1]/div/h2' contains exact text 'OUR AMAZING TEAM'.</msg>
<status status="PASS" starttime="20220120 22:12:15.321" endtime="20220120 22:12:15.343"/>
</kw>
<status status="PASS" starttime="20220120 22:12:15.320" endtime="20220120 22:12:15.343"/>
</kw>
<status status="PASS" starttime="20220120 22:12:15.320" endtime="20220120 22:12:15.343"/>
</kw>
<kw name="End Web Test" library="CommonWebApp" type="TEARDOWN">
<kw name="Close All Browsers" library="SeleniumLibrary">
<doc>Closes all open browsers and resets the browser cache.</doc>
<status status="PASS" starttime="20220120 22:12:15.344" endtime="20220120 22:12:18.638"/>
</kw>
<status status="PASS" starttime="20220120 22:12:15.344" endtime="20220120 22:12:18.638"/>
</kw>
<doc>This is test 2</doc>
<tag>test3</tag>
<status status="PASS" starttime="20220120 22:12:06.655" endtime="20220120 22:12:18.639"/>
</test>
<test id="s1-s5-t4" name="Verify that &quot;Bryan Lamb&quot; job is CTO">
<kw name="Begin Web Test" library="CommonWebApp" type="SETUP">
<kw name="Open Browser" library="SeleniumLibrary">
<arg>about:blank</arg>
<arg>${BROWSER}</arg>
<doc>Opens a new browser instance to the optional ``url``.</doc>
<msg timestamp="20220120 22:12:18.643" level="INFO">Opening browser 'chrome' to base url 'about:blank'.</msg>
<status status="PASS" starttime="20220120 22:12:18.642" endtime="20220120 22:12:19.896"/>
</kw>
<kw name="Go To" library="SeleniumLibrary">
<arg>${URL}</arg>
<doc>Navigates the current browser window to the provided ``url``.</doc>
<msg timestamp="20220120 22:12:19.896" level="INFO">Opening url 'https://www.robotframeworktutorial.com/front-office/'</msg>
<status status="PASS" starttime="20220120 22:12:19.896" endtime="20220120 22:12:24.010"/>
</kw>
<kw name="Maximize Browser Window" library="SeleniumLibrary">
<doc>Maximizes current browser window.</doc>
<status status="PASS" starttime="20220120 22:12:24.011" endtime="20220120 22:12:24.132"/>
</kw>
<status status="PASS" starttime="20220120 22:12:18.641" endtime="20220120 22:12:24.132"/>
</kw>
<kw name="Go to the &quot;Team&quot; page" library="FrontOfficeApp">
<kw name="Select the &quot;Team&quot; page" library="TopNav">
<kw name="Click Element" library="SeleniumLibrary">
<arg>${TOP_NAV_TEAM_LINK}</arg>
<doc>Click the element identified by ``locator``.</doc>
<msg timestamp="20220120 22:12:24.134" level="INFO">Clicking element 'xpath=//*[@id="bs-example-navbar-collapse-1"]/ul/li[5]/a'.</msg>
<status status="PASS" starttime="20220120 22:12:24.133" endtime="20220120 22:12:24.182"/>
</kw>
<kw name="Sleep" library="BuiltIn">
<arg>3s</arg>
<doc>Pauses the test executed for the given time.</doc>
<msg timestamp="20220120 22:12:27.192" level="INFO">Slept 3 seconds</msg>
<status status="PASS" starttime="20220120 22:12:24.183" endtime="20220120 22:12:27.192"/>
</kw>
<status status="PASS" starttime="20220120 22:12:24.133" endtime="20220120 22:12:27.192"/>
</kw>
<kw name="Verify Page Loaded" library="Team">
<kw name="Wait Until Page Contains Element" library="SeleniumLibrary">
<arg>${TEAM_HEADER_LABEL}</arg>
<doc>Waits until the element ``locator`` appears on the current page.</doc>
<status status="PASS" starttime="20220120 22:12:27.193" endtime="20220120 22:12:27.203"/>
</kw>
<status status="PASS" starttime="20220120 22:12:27.192" endtime="20220120 22:12:27.203"/>
</kw>
<status status="PASS" starttime="20220120 22:12:24.133" endtime="20220120 22:12:27.203"/>
</kw>
<kw name="Validate Bryan Lamb's job title" library="FrontOfficeApp">
<kw name="Bryan Lamb's job title is correct" library="Team">
<kw name="Element Text Should Be" library="SeleniumLibrary">
<arg>${BRYAN_JOB_TITLE}</arg>
<arg>CTO</arg>
<doc>Verifies that element ``locator`` contains exact the text ``expected``.</doc>
<msg timestamp="20220120 22:12:27.205" level="INFO">Verifying element '//*[@id="team"]/div/div[2]/div[1]/div/p' contains exact text 'CTO'.</msg>
<status status="PASS" starttime="20220120 22:12:27.205" endtime="20220120 22:12:27.231"/>
</kw>
<status status="PASS" starttime="20220120 22:12:27.204" endtime="20220120 22:12:27.232"/>
</kw>
<status status="PASS" starttime="20220120 22:12:27.204" endtime="20220120 22:12:27.232"/>
</kw>
<kw name="End Web Test" library="CommonWebApp" type="TEARDOWN">
<kw name="Close All Browsers" library="SeleniumLibrary">
<doc>Closes all open browsers and resets the browser cache.</doc>
<status status="PASS" starttime="20220120 22:12:27.233" endtime="20220120 22:12:30.367"/>
</kw>
<status status="PASS" starttime="20220120 22:12:27.232" endtime="20220120 22:12:30.367"/>
</kw>
<status status="PASS" starttime="20220120 22:12:18.641" endtime="20220120 22:12:30.368"/>
</test>
<test id="s1-s5-t5" name="Verify that &quot;Larry Parker&quot; job is Lead Marketer">
<kw name="Begin Web Test" library="CommonWebApp" type="SETUP">
<kw name="Open Browser" library="SeleniumLibrary">
<arg>about:blank</arg>
<arg>${BROWSER}</arg>
<doc>Opens a new browser instance to the optional ``url``.</doc>
<msg timestamp="20220120 22:12:30.371" level="INFO">Opening browser 'chrome' to base url 'about:blank'.</msg>
<status status="PASS" starttime="20220120 22:12:30.371" endtime="20220120 22:12:31.737"/>
</kw>
<kw name="Go To" library="SeleniumLibrary">
<arg>${URL}</arg>
<doc>Navigates the current browser window to the provided ``url``.</doc>
<msg timestamp="20220120 22:12:31.738" level="INFO">Opening url 'https://www.robotframeworktutorial.com/front-office/'</msg>
<status status="PASS" starttime="20220120 22:12:31.738" endtime="20220120 22:12:35.586"/>
</kw>
<kw name="Maximize Browser Window" library="SeleniumLibrary">
<doc>Maximizes current browser window.</doc>
<status status="PASS" starttime="20220120 22:12:35.586" endtime="20220120 22:12:35.713"/>
</kw>
<status status="PASS" starttime="20220120 22:12:30.371" endtime="20220120 22:12:35.713"/>
</kw>
<kw name="Go to the &quot;Team&quot; page" library="FrontOfficeApp">
<kw name="Select the &quot;Team&quot; page" library="TopNav">
<kw name="Click Element" library="SeleniumLibrary">
<arg>${TOP_NAV_TEAM_LINK}</arg>
<doc>Click the element identified by ``locator``.</doc>
<msg timestamp="20220120 22:12:35.715" level="INFO">Clicking element 'xpath=//*[@id="bs-example-navbar-collapse-1"]/ul/li[5]/a'.</msg>
<status status="PASS" starttime="20220120 22:12:35.715" endtime="20220120 22:12:35.765"/>
</kw>
<kw name="Sleep" library="BuiltIn">
<arg>3s</arg>
<doc>Pauses the test executed for the given time.</doc>
<msg timestamp="20220120 22:12:38.771" level="INFO">Slept 3 seconds</msg>
<status status="PASS" starttime="20220120 22:12:35.765" endtime="20220120 22:12:38.771"/>
</kw>
<status status="PASS" starttime="20220120 22:12:35.714" endtime="20220120 22:12:38.771"/>
</kw>
<kw name="Verify Page Loaded" library="Team">
<kw name="Wait Until Page Contains Element" library="SeleniumLibrary">
<arg>${TEAM_HEADER_LABEL}</arg>
<doc>Waits until the element ``locator`` appears on the current page.</doc>
<status status="PASS" starttime="20220120 22:12:38.772" endtime="20220120 22:12:38.785"/>
</kw>
<status status="PASS" starttime="20220120 22:12:38.771" endtime="20220120 22:12:38.785"/>
</kw>
<status status="PASS" starttime="20220120 22:12:35.714" endtime="20220120 22:12:38.785"/>
</kw>
<kw name="Validate Larry Parker's job title" library="FrontOfficeApp">
<kw name="Larry Parker's job title is correct" library="Team">
<kw name="Element Text Should Be" library="SeleniumLibrary">
<arg>${LARRY_JOB_TITLE}</arg>
<arg>Lead Marketer</arg>
<doc>Verifies that element ``locator`` contains exact the text ``expected``.</doc>
<msg timestamp="20220120 22:12:38.787" level="INFO">Verifying element '//*[@id="team"]/div/div[2]/div[2]/div/p' contains exact text 'Lead Marketer'.</msg>
<status status="PASS" starttime="20220120 22:12:38.787" endtime="20220120 22:12:38.814"/>
</kw>
<status status="PASS" starttime="20220120 22:12:38.786" endtime="20220120 22:12:38.814"/>
</kw>
<status status="PASS" starttime="20220120 22:12:38.786" endtime="20220120 22:12:38.814"/>
</kw>
<kw name="End Web Test" library="CommonWebApp" type="TEARDOWN">
<kw name="Close All Browsers" library="SeleniumLibrary">
<doc>Closes all open browsers and resets the browser cache.</doc>
<status status="PASS" starttime="20220120 22:12:38.815" endtime="20220120 22:12:41.446"/>
</kw>
<status status="PASS" starttime="20220120 22:12:38.815" endtime="20220120 22:12:41.446"/>
</kw>
<status status="PASS" starttime="20220120 22:12:30.370" endtime="20220120 22:12:41.446"/>
</test>
<test id="s1-s5-t6" name="Verify that &quot;Diana Pertersen&quot; job is Lead Developer">
<kw name="Begin Web Test" library="CommonWebApp" type="SETUP">
<kw name="Open Browser" library="SeleniumLibrary">
<arg>about:blank</arg>
<arg>${BROWSER}</arg>
<doc>Opens a new browser instance to the optional ``url``.</doc>
<msg timestamp="20220120 22:12:41.449" level="INFO">Opening browser 'chrome' to base url 'about:blank'.</msg>
<status status="PASS" starttime="20220120 22:12:41.448" endtime="20220120 22:12:42.790"/>
</kw>
<kw name="Go To" library="SeleniumLibrary">
<arg>${URL}</arg>
<doc>Navigates the current browser window to the provided ``url``.</doc>
<msg timestamp="20220120 22:12:42.791" level="INFO">Opening url 'https://www.robotframeworktutorial.com/front-office/'</msg>
<status status="PASS" starttime="20220120 22:12:42.790" endtime="20220120 22:12:47.554"/>
</kw>
<kw name="Maximize Browser Window" library="SeleniumLibrary">
<doc>Maximizes current browser window.</doc>
<status status="PASS" starttime="20220120 22:12:47.554" endtime="20220120 22:12:47.682"/>
</kw>
<status status="PASS" starttime="20220120 22:12:41.448" endtime="20220120 22:12:47.682"/>
</kw>
<kw name="Go to the &quot;Team&quot; page" library="FrontOfficeApp">
<kw name="Select the &quot;Team&quot; page" library="TopNav">
<kw name="Click Element" library="SeleniumLibrary">
<arg>${TOP_NAV_TEAM_LINK}</arg>
<doc>Click the element identified by ``locator``.</doc>
<msg timestamp="20220120 22:12:47.684" level="INFO">Clicking element 'xpath=//*[@id="bs-example-navbar-collapse-1"]/ul/li[5]/a'.</msg>
<status status="PASS" starttime="20220120 22:12:47.684" endtime="20220120 22:12:47.731"/>
</kw>
<kw name="Sleep" library="BuiltIn">
<arg>3s</arg>
<doc>Pauses the test executed for the given time.</doc>
<msg timestamp="20220120 22:12:50.740" level="INFO">Slept 3 seconds</msg>
<status status="PASS" starttime="20220120 22:12:47.732" endtime="20220120 22:12:50.740"/>
</kw>
<status status="PASS" starttime="20220120 22:12:47.684" endtime="20220120 22:12:50.740"/>
</kw>
<kw name="Verify Page Loaded" library="Team">
<kw name="Wait Until Page Contains Element" library="SeleniumLibrary">
<arg>${TEAM_HEADER_LABEL}</arg>
<doc>Waits until the element ``locator`` appears on the current page.</doc>
<status status="PASS" starttime="20220120 22:12:50.741" endtime="20220120 22:12:50.751"/>
</kw>
<status status="PASS" starttime="20220120 22:12:50.740" endtime="20220120 22:12:50.751"/>
</kw>
<status status="PASS" starttime="20220120 22:12:47.683" endtime="20220120 22:12:50.751"/>
</kw>
<kw name="Validate Diana Pertersen's job title" library="FrontOfficeApp">
<kw name="Diana Pertersen job title is correct" library="Team">
<kw name="Element Text Should Be" library="SeleniumLibrary">
<arg>${DIANA_JOB_TITLE}</arg>
<arg>Lead Developer</arg>
<doc>Verifies that element ``locator`` contains exact the text ``expected``.</doc>
<msg timestamp="20220120 22:12:50.753" level="INFO">Verifying element '//*[@id="team"]/div/div[2]/div[3]/div/p' contains exact text 'Lead Developer'.</msg>
<status status="PASS" starttime="20220120 22:12:50.752" endtime="20220120 22:12:50.779"/>
</kw>
<status status="PASS" starttime="20220120 22:12:50.752" endtime="20220120 22:12:50.779"/>
</kw>
<status status="PASS" starttime="20220120 22:12:50.752" endtime="20220120 22:12:50.779"/>
</kw>
<kw name="End Web Test" library="CommonWebApp" type="TEARDOWN">
<kw name="Close All Browsers" library="SeleniumLibrary">
<doc>Closes all open browsers and resets the browser cache.</doc>
<status status="PASS" starttime="20220120 22:12:50.780" endtime="20220120 22:12:53.470"/>
</kw>
<status status="PASS" starttime="20220120 22:12:50.780" endtime="20220120 22:12:53.471"/>
</kw>
<status status="PASS" starttime="20220120 22:12:41.447" endtime="20220120 22:12:53.471"/>
</test>
<doc>Testing of the "Team" section</doc>
<status status="PASS" starttime="20220120 22:11:42.664" endtime="20220120 22:12:53.473"/>
</suite>
<status status="PASS" starttime="20220120 22:09:45.123" endtime="20220120 22:12:53.477"/>
</suite>
<statistics>
<total>
<stat pass="13" fail="0" skip="0">All Tests</stat>
</total>
<tag>
<stat pass="1" fail="0" skip="0">test1</stat>
<stat pass="1" fail="0" skip="0">test2</stat>
<stat pass="1" fail="0" skip="0">test3</stat>
</tag>
<suite>
<stat pass="13" fail="0" skip="0" id="s1" name="Tests">Tests</stat>
<stat pass="1" fail="0" skip="0" id="s1-s1" name="Front Office About">Tests.Front Office About</stat>
<stat pass="2" fail="0" skip="0" id="s1-s2" name="Front Office Contact">Tests.Front Office Contact</stat>
<stat pass="3" fail="0" skip="0" id="s1-s3" name="Front Office Portfolio">Tests.Front Office Portfolio</stat>
<stat pass="1" fail="0" skip="0" id="s1-s4" name="Front Office Services">Tests.Front Office Services</stat>
<stat pass="6" fail="0" skip="0" id="s1-s5" name="Front Office Team">Tests.Front Office Team</stat>
</suite>
</statistics>
<errors>
</errors>
</robot>
